<?xml version="1.0" encoding="UTF-8"?>
<!-- Generated by org.testng.reporters.JUnitReportReporter -->
<testsuite hostname="CSMBHUD055" name="com.JSW.DeviceMaster.SqlChar" tests="3" failures="0" timestamp="29 Oct 2021 12:38:37 GMT" time="18.824" errors="0">
  <testcase name="loginPageOpen" time="8.749" classname="com.JSW.DeviceMaster.SqlChar"/>
  <testcase name="DeviceMaster" time="7.591" classname="com.JSW.DeviceMaster.SqlChar"/>
  <testcase name="CkeckSqlCharForDeviceName" time="2.484" classname="com.JSW.DeviceMaster.SqlChar"/>
</testsuite> <!-- com.JSW.DeviceMaster.SqlChar -->
