<?xml version="1.0" encoding="UTF-8"?>
<!-- Generated by org.testng.reporters.JUnitReportReporter -->
<testsuite hostname="CSMBHUD055" name="com.JSW.CompositionMaster.SqlChar" tests="4" failures="0" timestamp="29 Oct 2021 11:39:07 GMT" time="18.147" errors="0">
  <testcase name="loginPageOpen" time="8.618" classname="com.JSW.CompositionMaster.SqlChar"/>
  <testcase name="CompositionMaster" time="4.609" classname="com.JSW.CompositionMaster.SqlChar"/>
  <testcase name="CkeckSqlCharForCompositionName" time="2.497" classname="com.JSW.CompositionMaster.SqlChar"/>
  <testcase name="CkeckSqlCharForChemicalContains" time="2.423" classname="com.JSW.CompositionMaster.SqlChar"/>
</testsuite> <!-- com.JSW.CompositionMaster.SqlChar -->
