<?xml version="1.0" encoding="UTF-8"?>
<!-- Generated by org.testng.reporters.JUnitReportReporter -->
<testsuite hostname="CSMBHUD055" name="com.JSW.DispatchModeMaster.SpecialChar" tests="4" failures="0" timestamp="29 Oct 2021 12:26:20 GMT" time="18.017" errors="0">
  <testcase name="CkeckSpecialCharForDispatchmodeDescription" time="2.435" classname="com.JSW.DispatchModeMaster.SpecialChar"/>
  <testcase name="loginPageOpen" time="8.929" classname="com.JSW.DispatchModeMaster.SpecialChar"/>
  <testcase name="DispatchModeMaster" time="4.187" classname="com.JSW.DispatchModeMaster.SpecialChar"/>
  <testcase name="CkeckSpecialCharForDispatchmodeName" time="2.466" classname="com.JSW.DispatchModeMaster.SpecialChar"/>
</testsuite> <!-- com.JSW.DispatchModeMaster.SpecialChar -->
