<?xml version="1.0" encoding="UTF-8"?>
<!-- Generated by org.testng.reporters.JUnitReportReporter -->
<testsuite hostname="CSMBHUD055" name="com.JSW.ModuleMaster.Alphanumeric" tests="4" failures="0" timestamp="29 Oct 2021 12:14:16 GMT" time="23.815" errors="0">
  <testcase name="CheckAlphaNumericForModuleDescription" time="2.593" classname="com.JSW.ModuleMaster.Alphanumeric"/>
  <testcase name="loginPageOpen" time="14.139" classname="com.JSW.ModuleMaster.Alphanumeric"/>
  <testcase name="CheckAlphaNumericForModuleMaster" time="2.561" classname="com.JSW.ModuleMaster.Alphanumeric"/>
  <testcase name="ModuleMaster" time="4.522" classname="com.JSW.ModuleMaster.Alphanumeric"/>
</testsuite> <!-- com.JSW.ModuleMaster.Alphanumeric -->
