<?xml version="1.0" encoding="UTF-8"?>
<!-- Generated by org.testng.reporters.JUnitReportReporter -->
<testsuite hostname="CSMBHUD055" name="com.JSW.DispatchModeMaster.WhiteSpace" tests="6" failures="0" timestamp="29 Oct 2021 12:26:20 GMT" time="31.844" errors="0">
  <testcase name="CheckWhiteSpaceNotAllowMiddlePlaceForDispatchmodeDescription" time="4.481" classname="com.JSW.DispatchModeMaster.WhiteSpace"/>
  <testcase name="DispatchModeMaster" time="3.960" classname="com.JSW.DispatchModeMaster.WhiteSpace"/>
  <testcase name="CheckWhiteSpaceNotAllowInitialPlaceForDispatchmodeDescription" time="4.544" classname="com.JSW.DispatchModeMaster.WhiteSpace"/>
  <testcase name="loginPageOpen" time="8.664" classname="com.JSW.DispatchModeMaster.WhiteSpace"/>
  <testcase name="CheckWhiteSpaceNotAllowMiddlePlaceForDispatchmodeName" time="5.422" classname="com.JSW.DispatchModeMaster.WhiteSpace"/>
  <testcase name="CheckWhiteSpaceNotAllowInitialPlaceForDispatchmodeName" time="4.773" classname="com.JSW.DispatchModeMaster.WhiteSpace"/>
</testsuite> <!-- com.JSW.DispatchModeMaster.WhiteSpace -->
