<?xml version="1.0" encoding="UTF-8"?>
<!-- Generated by org.testng.reporters.JUnitReportReporter -->
<testsuite hostname="CSMBHUD055" name="com.JSW.MineralMaster.Mandatory" tests="4" failures="0" timestamp="29 Oct 2021 12:55:36 GMT" time="21.037" errors="0">
  <testcase name="loginPageOpen" time="9.037" classname="com.JSW.MineralMaster.Mandatory"/>
  <testcase name="MineralMaster" time="4.820" classname="com.JSW.MineralMaster.Mandatory"/>
  <testcase name="CheckMandatoryForMineralName" time="3.227" classname="com.JSW.MineralMaster.Mandatory"/>
  <testcase name="CheckMandatoryForI3MSMineralCode" time="3.953" classname="com.JSW.MineralMaster.Mandatory"/>
</testsuite> <!-- com.JSW.MineralMaster.Mandatory -->
