<?xml version="1.0" encoding="UTF-8"?>
<!-- Generated by org.testng.reporters.JUnitReportReporter -->
<testsuite hostname="CSMBHUD055" name="com.JSW.MinesRegistration.SpecialChar" tests="5" failures="0" timestamp="29 Oct 2021 12:31:53 GMT" time="22.534" errors="0">
  <testcase name="CkeckSpecialCharForMinesName" time="2.498" classname="com.JSW.MinesRegistration.SpecialChar"/>
  <testcase name="loginPageOpen" time="8.845" classname="com.JSW.MinesRegistration.SpecialChar"/>
  <testcase name="CkeckSpecialCharForMinesI3MSCode" time="2.423" classname="com.JSW.MinesRegistration.SpecialChar"/>
  <testcase name="MinesRegistartionMaster" time="6.268" classname="com.JSW.MinesRegistration.SpecialChar"/>
  <testcase name="CkeckSpecialCharForMinesAddress" time="2.500" classname="com.JSW.MinesRegistration.SpecialChar"/>
</testsuite> <!-- com.JSW.MinesRegistration.SpecialChar -->
