<?xml version="1.0" encoding="UTF-8"?>
<!-- Generated by org.testng.reporters.JUnitReportReporter -->
<testsuite hostname="CSMBHUD055" name="com.JSW.MinesRegistration.SqlChar" tests="5" failures="0" timestamp="29 Oct 2021 12:31:53 GMT" time="20.782" errors="0">
  <testcase name="loginPageOpen" time="8.924" classname="com.JSW.MinesRegistration.SqlChar"/>
  <testcase name="CkeckSpecialCharForMinesI3MSCode" time="2.467" classname="com.JSW.MinesRegistration.SqlChar"/>
  <testcase name="MinesRegistartionMaster" time="4.475" classname="com.JSW.MinesRegistration.SqlChar"/>
  <testcase name="CkeckSqlCharForMinesAddress" time="2.439" classname="com.JSW.MinesRegistration.SqlChar"/>
  <testcase name="CkeckSqlCharForMinesName" time="2.477" classname="com.JSW.MinesRegistration.SqlChar"/>
</testsuite> <!-- com.JSW.MinesRegistration.SqlChar -->
