<?xml version="1.0" encoding="UTF-8"?>
<!-- Generated by org.testng.reporters.JUnitReportReporter -->
<testsuite hostname="CSMBHUD055" name="com.JSW.GradeMaster.Length" tests="5" failures="0" timestamp="29 Oct 2021 12:58:43 GMT" time="39.875" errors="0">
  <testcase name="CheckLengthShouldNotMoreThan50ForGradeDisplayName" time="7.035" classname="com.JSW.GradeMaster.Length"/>
  <testcase name="loginPageOpen" time="13.770" classname="com.JSW.GradeMaster.Length"/>
  <testcase name="GradeMaster" time="8.431" classname="com.JSW.GradeMaster.Length"/>
  <testcase name="CheckLengthShouldNotMoreThan50ForI3MSGradeRangeID" time="5.212" classname="com.JSW.GradeMaster.Length"/>
  <testcase name="CheckLengthShouldNotMoreThan50ForGradeName" time="5.427" classname="com.JSW.GradeMaster.Length"/>
</testsuite> <!-- com.JSW.GradeMaster.Length -->
