<?xml version="1.0" encoding="UTF-8"?>
<!-- Generated by org.testng.reporters.JUnitReportReporter -->
<testsuite hostname="CSMBHUD055" name="com.JSW.DeviceMaster.Duplicate" tests="3" failures="0" timestamp="29 Oct 2021 12:38:37 GMT" time="36.227" errors="0">
  <testcase name="CheckDuplicateNotAllowForDeviceName" time="21.212" classname="com.JSW.DeviceMaster.Duplicate"/>
  <testcase name="DeviceMaster" time="6.196" classname="com.JSW.DeviceMaster.Duplicate"/>
  <testcase name="loginPageOpen" time="8.819" classname="com.JSW.DeviceMaster.Duplicate"/>
</testsuite> <!-- com.JSW.DeviceMaster.Duplicate -->
