<?xml version="1.0" encoding="UTF-8"?>
<!-- Generated by org.testng.reporters.JUnitReportReporter -->
<testsuite hostname="CSMBHUD055" name="com.JSW.DeviceMaster.Mandatory" tests="5" failures="0" timestamp="29 Oct 2021 12:38:37 GMT" time="28.372" errors="0">
  <testcase name="CheckMandatoryForDeviceLocation" time="4.751" classname="com.JSW.DeviceMaster.Mandatory"/>
  <testcase name="loginPageOpen" time="8.957" classname="com.JSW.DeviceMaster.Mandatory"/>
  <testcase name="DeviceMaster" time="6.547" classname="com.JSW.DeviceMaster.Mandatory"/>
  <testcase name="CheckNonMandatoryForMines" time="4.978" classname="com.JSW.DeviceMaster.Mandatory"/>
  <testcase name="CheckMandatoryForDeviceName" time="3.139" classname="com.JSW.DeviceMaster.Mandatory"/>
</testsuite> <!-- com.JSW.DeviceMaster.Mandatory -->
