<?xml version="1.0" encoding="UTF-8"?>
<!-- Generated by org.testng.reporters.JUnitReportReporter -->
<testsuite hostname="CSMBHUD055" name="com.JSW.MineralMaster.Alphanumeric" tests="4" failures="0" timestamp="29 Oct 2021 12:55:36 GMT" time="27.982" errors="0">
  <testcase name="CheckAlphaNumericForMineralName" time="12.762" classname="com.JSW.MineralMaster.Alphanumeric"/>
  <testcase name="loginPageOpen" time="8.874" classname="com.JSW.MineralMaster.Alphanumeric"/>
  <testcase name="CheckOnlyNumericForI3MSMineralCode" time="1.836" classname="com.JSW.MineralMaster.Alphanumeric"/>
  <testcase name="MineralMaster" time="4.510" classname="com.JSW.MineralMaster.Alphanumeric"/>
</testsuite> <!-- com.JSW.MineralMaster.Alphanumeric -->
