<?xml version="1.0" encoding="UTF-8"?>
<!-- Generated by org.testng.reporters.JUnitReportReporter -->
<testsuite hostname="CSMBHUD055" name="com.JSW.CompositionMaster.Length" tests="4" failures="0" timestamp="29 Oct 2021 11:39:07 GMT" time="21.628" errors="0">
  <testcase name="CheckLengthShouldNotMoreThan200ForChemicalContains" time="5.787" classname="com.JSW.CompositionMaster.Length"/>
  <testcase name="CheckLengthShouldNotMoreThan50ForCompositionName" time="2.771" classname="com.JSW.CompositionMaster.Length"/>
  <testcase name="loginPageOpen" time="8.803" classname="com.JSW.CompositionMaster.Length"/>
  <testcase name="CompositionMaster" time="4.267" classname="com.JSW.CompositionMaster.Length"/>
</testsuite> <!-- com.JSW.CompositionMaster.Length -->
