<?xml version="1.0" encoding="UTF-8"?>
<!-- Generated by org.testng.reporters.JUnitReportReporter -->
<testsuite hostname="CSMBHUD055" name="com.JSW.LocationMaster.WhiteSpace" tests="4" failures="0" timestamp="29 Oct 2021 12:43:20 GMT" time="23.770" errors="0">
  <testcase name="CheckWhiteSpaceNotAllowMiddlePlaceForLocationName" time="4.538" classname="com.JSW.LocationMaster.WhiteSpace"/>
  <testcase name="LocationMaster" time="4.235" classname="com.JSW.LocationMaster.WhiteSpace"/>
  <testcase name="loginPageOpen" time="11.081" classname="com.JSW.LocationMaster.WhiteSpace"/>
  <testcase name="CheckWhiteSpaceNotAllowInitialPlaceForLocationName" time="3.916" classname="com.JSW.LocationMaster.WhiteSpace"/>
</testsuite> <!-- com.JSW.LocationMaster.WhiteSpace -->
