<?xml version="1.0" encoding="UTF-8"?>
<!-- Generated by org.testng.reporters.JUnitReportReporter -->
<testsuite hostname="CSMBHUD055" name="com.JSW.ProductMaster.Duplicate" tests="3" failures="0" timestamp="29 Oct 2021 12:20:16 GMT" time="32.817" errors="0">
  <testcase name="ProductMaster" time="6.169" classname="com.JSW.ProductMaster.Duplicate"/>
  <testcase name="CheckDuplicateNotAllowForSAPProductCode" time="17.700" classname="com.JSW.ProductMaster.Duplicate"/>
  <testcase name="loginPageOpen" time="8.948" classname="com.JSW.ProductMaster.Duplicate"/>
</testsuite> <!-- com.JSW.ProductMaster.Duplicate -->
