<?xml version="1.0" encoding="UTF-8"?>
<!-- Generated by org.testng.reporters.JUnitReportReporter -->
<testsuite hostname="CSMBHUD055" name="com.JSW.GradeMaster.Alphanumeric" tests="5" failures="0" timestamp="29 Oct 2021 12:58:36 GMT" time="34.522" errors="0">
  <testcase name="loginPageOpen" time="11.661" classname="com.JSW.GradeMaster.Alphanumeric"/>
  <testcase name="CheckOnlyNumericForI3MSGradeRangeIDe" time="2.088" classname="com.JSW.GradeMaster.Alphanumeric"/>
  <testcase name="GradeMaster" time="8.448" classname="com.JSW.GradeMaster.Alphanumeric"/>
  <testcase name="CheckAlphaNumericForGradeName" time="10.073" classname="com.JSW.GradeMaster.Alphanumeric"/>
  <testcase name="CheckAlphaNumericForDisplayName" time="2.252" classname="com.JSW.GradeMaster.Alphanumeric"/>
</testsuite> <!-- com.JSW.GradeMaster.Alphanumeric -->
