<?xml version="1.0" encoding="UTF-8"?>
<!-- Generated by org.testng.reporters.JUnitReportReporter -->
<testsuite hostname="CSMBHUD055" name="com.JSW.GradeMaster.Mandatory" tests="7" failures="0" timestamp="29 Oct 2021 12:59:10 GMT" time="62.228" errors="0">
  <testcase name="loginPageOpen" time="18.176" classname="com.JSW.GradeMaster.Mandatory"/>
  <testcase name="CheckMandatoryForGradeMineralName" time="8.986" classname="com.JSW.GradeMaster.Mandatory"/>
  <testcase name="CheckMandatoryForDisplayName" time="4.040" classname="com.JSW.GradeMaster.Mandatory"/>
  <testcase name="GradeMaster" time="6.560" classname="com.JSW.GradeMaster.Mandatory"/>
  <testcase name="CheckMandatoryForI3MSGradeRangeID" time="9.436" classname="com.JSW.GradeMaster.Mandatory"/>
  <testcase name="CheckMandatoryForGradeName" time="5.662" classname="com.JSW.GradeMaster.Mandatory"/>
  <testcase name="CheckMandatoryForGradeMineralType" time="9.368" classname="com.JSW.GradeMaster.Mandatory"/>
</testsuite> <!-- com.JSW.GradeMaster.Mandatory -->
