<?xml version="1.0" encoding="UTF-8"?>
<!-- Generated by org.testng.reporters.JUnitReportReporter -->
<testsuite hostname="CSMBHUD055" name="com.JSW.MinesRegistration.Duplicate" tests="3" failures="0" timestamp="29 Oct 2021 12:31:53 GMT" time="40.848" errors="0">
  <testcase name="CheckDuplicateNotAllowForDispatchmodeName" time="27.785" classname="com.JSW.MinesRegistration.Duplicate"/>
  <testcase name="MinesRegistartionMaster" time="4.170" classname="com.JSW.MinesRegistration.Duplicate"/>
  <testcase name="loginPageOpen" time="8.893" classname="com.JSW.MinesRegistration.Duplicate"/>
</testsuite> <!-- com.JSW.MinesRegistration.Duplicate -->
