<?xml version="1.0" encoding="UTF-8"?>
<!-- Generated by org.testng.reporters.JUnitReportReporter -->
<testsuite hostname="CSMBHUD055" name="com.JSW.ProductMaster.Mandatory" tests="7" failures="0" timestamp="29 Oct 2021 12:20:16 GMT" time="52.281" errors="0">
  <testcase name="loginPageOpen" time="9.038" classname="com.JSW.ProductMaster.Mandatory"/>
  <testcase name="CheckMandatoryForSAPProductCode" time="6.488" classname="com.JSW.ProductMaster.Mandatory"/>
  <testcase name="ProductMaster" time="5.759" classname="com.JSW.ProductMaster.Mandatory"/>
  <testcase name="CheckMandatoryForOreSize" time="9.099" classname="com.JSW.ProductMaster.Mandatory"/>
  <testcase name="CheckMandatoryForMineralType" time="7.071" classname="com.JSW.ProductMaster.Mandatory"/>
  <testcase name="CheckMandatoryForMineralGradeRange" time="8.580" classname="com.JSW.ProductMaster.Mandatory"/>
  <testcase name="CheckMandatoryForMineral" time="6.246" classname="com.JSW.ProductMaster.Mandatory"/>
</testsuite> <!-- com.JSW.ProductMaster.Mandatory -->
