<?xml version="1.0" encoding="UTF-8"?>
<!-- Generated by org.testng.reporters.JUnitReportReporter -->
<testsuite hostname="CSMBHUD055" name="com.JSW.GradeMaster.SpecialChar" tests="5" failures="0" timestamp="29 Oct 2021 12:59:01 GMT" time="36.752" errors="0">
  <testcase name="loginPageOpen" time="19.082" classname="com.JSW.GradeMaster.SpecialChar"/>
  <testcase name="CkeckSpecialCharForI3MSGradeRangeID" time="2.616" classname="com.JSW.GradeMaster.SpecialChar"/>
  <testcase name="CkeckSpecialCharForGradeDipslayName" time="2.607" classname="com.JSW.GradeMaster.SpecialChar"/>
  <testcase name="CkeckSpecialCharForGradeName" time="5.334" classname="com.JSW.GradeMaster.SpecialChar"/>
  <testcase name="GradeMaster" time="7.113" classname="com.JSW.GradeMaster.SpecialChar"/>
</testsuite> <!-- com.JSW.GradeMaster.SpecialChar -->
