<?xml version="1.0" encoding="UTF-8"?>
<!-- Generated by org.testng.reporters.JUnitReportReporter -->
<testsuite hostname="CSMBHUD055" name="com.JSW.DeviceMaster.Alphanumeric" tests="3" failures="0" timestamp="29 Oct 2021 12:38:37 GMT" time="18.652" errors="0">
  <testcase name="CheckAlphaNumericForDeviceName" time="3.625" classname="com.JSW.DeviceMaster.Alphanumeric"/>
  <testcase name="loginPageOpen" time="8.963" classname="com.JSW.DeviceMaster.Alphanumeric"/>
  <testcase name="DeviceMaster" time="6.064" classname="com.JSW.DeviceMaster.Alphanumeric"/>
</testsuite> <!-- com.JSW.DeviceMaster.Alphanumeric -->
