<?xml version="1.0" encoding="UTF-8"?>
<!-- Generated by org.testng.reporters.JUnitReportReporter -->
<testsuite hostname="CSMBHUD055" name="com.JSW.ModuleMaster.Mandatory" tests="4" failures="0" timestamp="29 Oct 2021 12:14:15 GMT" time="20.594" errors="0">
  <testcase name="CheckMandatoryForModuleName" time="3.184" classname="com.JSW.ModuleMaster.Mandatory"/>
  <testcase name="loginPageOpen" time="8.969" classname="com.JSW.ModuleMaster.Mandatory"/>
  <testcase name="ModuleMaster" time="4.597" classname="com.JSW.ModuleMaster.Mandatory"/>
  <testcase name="CheckNonMandatoryForModuleDescription" time="3.844" classname="com.JSW.ModuleMaster.Mandatory"/>
</testsuite> <!-- com.JSW.ModuleMaster.Mandatory -->
