<?xml version="1.0" encoding="UTF-8"?>
<!-- Generated by org.testng.reporters.JUnitReportReporter -->
<testsuite hostname="CSMBHUD055" name="com.JSW.LocationMaster.Alphanumeric" tests="3" failures="0" timestamp="29 Oct 2021 12:43:20 GMT" time="16.789" errors="0">
  <testcase name="CheckAlphaNumericForLocationName" time="3.464" classname="com.JSW.LocationMaster.Alphanumeric"/>
  <testcase name="loginPageOpen" time="8.809" classname="com.JSW.LocationMaster.Alphanumeric"/>
  <testcase name="LocationMaster" time="4.516" classname="com.JSW.LocationMaster.Alphanumeric"/>
</testsuite> <!-- com.JSW.LocationMaster.Alphanumeric -->
