<?xml version="1.0" encoding="UTF-8"?>
<!-- Generated by org.testng.reporters.JUnitReportReporter -->
<testsuite hostname="CSMBHUD055" name="com.JSW.LocationMaster.SqlChar" tests="3" failures="0" timestamp="29 Oct 2021 12:43:19 GMT" time="15.201" errors="0">
  <testcase name="loginPageOpen" time="8.453" classname="com.JSW.LocationMaster.SqlChar"/>
  <testcase name="LocationMaster" time="4.264" classname="com.JSW.LocationMaster.SqlChar"/>
  <testcase name="CkeckSqlCharForLocationName" time="2.484" classname="com.JSW.LocationMaster.SqlChar"/>
</testsuite> <!-- com.JSW.LocationMaster.SqlChar -->
