<?xml version="1.0" encoding="UTF-8"?>
<!-- Generated by org.testng.reporters.JUnitReportReporter -->
<testsuite hostname="CSMBHUD055" name="com.JSW.GradeMaster.SqlChar" tests="5" failures="0" timestamp="29 Oct 2021 12:58:58 GMT" time="28.899" errors="0">
  <testcase name="loginPageOpen" time="11.449" classname="com.JSW.GradeMaster.SqlChar"/>
  <testcase name="GradeMaster" time="7.172" classname="com.JSW.GradeMaster.SqlChar"/>
  <testcase name="CkeckSqlCharForI3MSGradeRangeIDe" time="2.550" classname="com.JSW.GradeMaster.SqlChar"/>
  <testcase name="CkeckSqlCharForGradeName" time="3.819" classname="com.JSW.GradeMaster.SqlChar"/>
  <testcase name="CkeckSqlCharForGradeDisplayName" time="3.909" classname="com.JSW.GradeMaster.SqlChar"/>
</testsuite> <!-- com.JSW.GradeMaster.SqlChar -->
