<?xml version="1.0" encoding="UTF-8"?>
<!-- Generated by org.testng.reporters.JUnitReportReporter -->
<testsuite hostname="CSMBHUD055" name="com.JSW.DispatchModeMaster.SqlChar" tests="4" failures="0" timestamp="29 Oct 2021 12:26:20 GMT" time="18.357" errors="0">
  <testcase name="loginPageOpen" time="8.995" classname="com.JSW.DispatchModeMaster.SqlChar"/>
  <testcase name="DispatchModeMaster" time="4.286" classname="com.JSW.DispatchModeMaster.SqlChar"/>
  <testcase name="CkeckSqlCharForDispatchmodeName" time="2.590" classname="com.JSW.DispatchModeMaster.SqlChar"/>
  <testcase name="CkeckSqlCharForDispatchmodeDescription" time="2.486" classname="com.JSW.DispatchModeMaster.SqlChar"/>
</testsuite> <!-- com.JSW.DispatchModeMaster.SqlChar -->
