<?xml version="1.0" encoding="UTF-8"?>
<!-- Generated by org.testng.reporters.JUnitReportReporter -->
<testsuite hostname="CSMBHUD055" name="com.JSW.ProductMaster.SqlChar" tests="3" failures="0" timestamp="29 Oct 2021 12:20:16 GMT" time="18.812" errors="0">
  <testcase name="loginPageOpen" time="8.717" classname="com.JSW.ProductMaster.SqlChar"/>
  <testcase name="CkeckSqlCharForSAPProductCode" time="2.518" classname="com.JSW.ProductMaster.SqlChar"/>
  <testcase name="ProductMaster" time="7.577" classname="com.JSW.ProductMaster.SqlChar"/>
</testsuite> <!-- com.JSW.ProductMaster.SqlChar -->
