<?xml version="1.0" encoding="UTF-8"?>
<!-- Generated by org.testng.reporters.JUnitReportReporter -->
<testsuite hostname="CSMBHUD055" name="com.JSW.DispatchModeMaster.Duplicate" tests="3" failures="0" timestamp="29 Oct 2021 12:26:20 GMT" time="29.616" errors="0">
  <testcase name="CheckDuplicateNotAllowForDispatchmodeName" time="16.638" classname="com.JSW.DispatchModeMaster.Duplicate"/>
  <testcase name="DispatchModeMaster" time="4.098" classname="com.JSW.DispatchModeMaster.Duplicate"/>
  <testcase name="loginPageOpen" time="8.880" classname="com.JSW.DispatchModeMaster.Duplicate"/>
</testsuite> <!-- com.JSW.DispatchModeMaster.Duplicate -->
