<?xml version="1.0" encoding="UTF-8"?>
<!-- Generated by org.testng.reporters.JUnitReportReporter -->
<testsuite hostname="CSMBHUD055" name="com.JSW.ProductMaster.Alphanumeric" tests="3" failures="0" timestamp="29 Oct 2021 12:20:16 GMT" time="17.128" errors="0">
  <testcase name="loginPageOpen" time="8.718" classname="com.JSW.ProductMaster.Alphanumeric"/>
  <testcase name="ProductMaster" time="5.909" classname="com.JSW.ProductMaster.Alphanumeric"/>
  <testcase name="CheckAlphaNumericForSAPProductCode" time="2.501" classname="com.JSW.ProductMaster.Alphanumeric"/>
</testsuite> <!-- com.JSW.ProductMaster.Alphanumeric -->
