<?xml version="1.0" encoding="UTF-8"?>
<!-- Generated by org.testng.reporters.JUnitReportReporter -->
<testsuite hostname="CSMBHUD055" name="com.JSW.ModuleMaster.Length" tests="4" failures="0" timestamp="29 Oct 2021 12:14:15 GMT" time="22.785" errors="0">
  <testcase name="CheckLengthShouldNotMoreThan200ForLiveStockDescription" time="6.307" classname="com.JSW.ModuleMaster.Length"/>
  <testcase name="CheckLengthShouldNotMoreThan50ForLiveStockName" time="2.721" classname="com.JSW.ModuleMaster.Length"/>
  <testcase name="loginPageOpen" time="8.960" classname="com.JSW.ModuleMaster.Length"/>
  <testcase name="ModuleMaster" time="4.797" classname="com.JSW.ModuleMaster.Length"/>
</testsuite> <!-- com.JSW.ModuleMaster.Length -->
