<?xml version="1.0" encoding="UTF-8"?>
<!-- Generated by org.testng.reporters.JUnitReportReporter -->
<testsuite hostname="CSMBHUD055" name="com.JSW.ProductMaster.WhiteSpace" tests="4" failures="0" timestamp="29 Oct 2021 12:20:16 GMT" time="27.082" errors="0">
  <testcase name="CheckWhiteSpaceNotAllowInitialPlaceForSAPProductCode" time="7.309" classname="com.JSW.ProductMaster.WhiteSpace"/>
  <testcase name="ProductMaster" time="6.265" classname="com.JSW.ProductMaster.WhiteSpace"/>
  <testcase name="CheckWhiteSpaceNotAllowMiddlePlaceForSAPProductCode" time="4.514" classname="com.JSW.ProductMaster.WhiteSpace"/>
  <testcase name="loginPageOpen" time="8.994" classname="com.JSW.ProductMaster.WhiteSpace"/>
</testsuite> <!-- com.JSW.ProductMaster.WhiteSpace -->
