<?xml version="1.0" encoding="UTF-8"?>
<!-- Generated by org.testng.reporters.JUnitReportReporter -->
<testsuite hostname="CSMBHUD055" name="com.JSW.LocationMaster.SpecialChar" tests="3" failures="0" timestamp="29 Oct 2021 12:43:19 GMT" time="15.027" errors="0">
  <testcase name="loginPageOpen" time="8.542" classname="com.JSW.LocationMaster.SpecialChar"/>
  <testcase name="LocationMaster" time="4.017" classname="com.JSW.LocationMaster.SpecialChar"/>
  <testcase name="CkeckSpecialCharForLocationName" time="2.468" classname="com.JSW.LocationMaster.SpecialChar"/>
</testsuite> <!-- com.JSW.LocationMaster.SpecialChar -->
