<?xml version="1.0" encoding="UTF-8"?>
<!-- Generated by org.testng.reporters.JUnitReportReporter -->
<testsuite hostname="CSMBHUD055" name="com.JSW.MineralMaster.Length" tests="4" failures="0" timestamp="29 Oct 2021 12:55:36 GMT" time="23.249" errors="0">
  <testcase name="CheckLengthShouldNotMoreThan50ForI3MSMineralCode" time="7.899" classname="com.JSW.MineralMaster.Length"/>
  <testcase name="loginPageOpen" time="8.635" classname="com.JSW.MineralMaster.Length"/>
  <testcase name="CheckLengthShouldNotMoreThan50ForMineralName" time="2.601" classname="com.JSW.MineralMaster.Length"/>
  <testcase name="MineralMaster" time="4.114" classname="com.JSW.MineralMaster.Length"/>
</testsuite> <!-- com.JSW.MineralMaster.Length -->
