<?xml version="1.0" encoding="UTF-8"?>
<!-- Generated by org.testng.reporters.JUnitReportReporter -->
<testsuite hostname="CSMBHUD055" name="com.JSW.ProductMaster.Length" tests="3" failures="0" timestamp="29 Oct 2021 12:20:16 GMT" time="17.106" errors="0">
  <testcase name="loginPageOpen" time="8.904" classname="com.JSW.ProductMaster.Length"/>
  <testcase name="CheckLengthShouldNotMoreThan50ForSAPProductCode" time="2.717" classname="com.JSW.ProductMaster.Length"/>
  <testcase name="ProductMaster" time="5.485" classname="com.JSW.ProductMaster.Length"/>
</testsuite> <!-- com.JSW.ProductMaster.Length -->
