<?xml version="1.0" encoding="UTF-8"?>
<!-- Generated by org.testng.reporters.JUnitReportReporter -->
<testsuite hostname="CSMBHUD055" name="com.JSW.ModuleMaster.WhiteSpace" tests="6" failures="0" timestamp="29 Oct 2021 12:14:16 GMT" time="32.410" errors="0">
  <testcase name="CheckWhiteSpaceNotAllowMiddlePlaceForModuleDescription" time="4.499" classname="com.JSW.ModuleMaster.WhiteSpace"/>
  <testcase name="loginPageOpen" time="9.076" classname="com.JSW.ModuleMaster.WhiteSpace"/>
  <testcase name="CheckWhiteSpaceNotAllowMiddlePlaceForModuleName" time="5.364" classname="com.JSW.ModuleMaster.WhiteSpace"/>
  <testcase name="CheckWhiteSpaceNotAllowInitialPlaceForModuleDescription" time="4.543" classname="com.JSW.ModuleMaster.WhiteSpace"/>
  <testcase name="CheckWhiteSpaceNotAllowInitialPlaceForModuleName" time="4.731" classname="com.JSW.ModuleMaster.WhiteSpace"/>
  <testcase name="ModuleMaster" time="4.197" classname="com.JSW.ModuleMaster.WhiteSpace"/>
</testsuite> <!-- com.JSW.ModuleMaster.WhiteSpace -->
