<?xml version="1.0" encoding="UTF-8"?>
<!-- Generated by org.testng.reporters.JUnitReportReporter -->
<testsuite hostname="CSMBHUD055" name="com.JSW.ProductMaster.SpecialChar" tests="3" failures="0" timestamp="29 Oct 2021 12:20:16 GMT" time="17.045" errors="0">
  <testcase name="CkeckSpecialCharForSAPProductCode" time="2.546" classname="com.JSW.ProductMaster.SpecialChar"/>
  <testcase name="loginPageOpen" time="8.639" classname="com.JSW.ProductMaster.SpecialChar"/>
  <testcase name="ProductMaster" time="5.860" classname="com.JSW.ProductMaster.SpecialChar"/>
</testsuite> <!-- com.JSW.ProductMaster.SpecialChar -->
