<?xml version="1.0" encoding="UTF-8"?>
<!-- Generated by org.testng.reporters.JUnitReportReporter -->
<testsuite hostname="CSMBHUD055" name="com.JSW.CompositionMaster.Alphanumeric" tests="4" failures="0" timestamp="29 Oct 2021 11:39:07 GMT" time="19.962" errors="0">
  <testcase name="CheckAlphaNumericForChemicalContains" time="2.588" classname="com.JSW.CompositionMaster.Alphanumeric"/>
  <testcase name="loginPageOpen" time="10.359" classname="com.JSW.CompositionMaster.Alphanumeric"/>
  <testcase name="CheckAlphaNumericForCompositionMaster" time="2.552" classname="com.JSW.CompositionMaster.Alphanumeric"/>
  <testcase name="CompositionMaster" time="4.463" classname="com.JSW.CompositionMaster.Alphanumeric"/>
</testsuite> <!-- com.JSW.CompositionMaster.Alphanumeric -->
