<?xml version="1.0" encoding="UTF-8"?>
<!-- Generated by org.testng.reporters.JUnitReportReporter -->
<testsuite hostname="CSMBHUD055" name="com.JSW.DeviceMaster.Length" tests="3" failures="0" timestamp="29 Oct 2021 12:38:37 GMT" time="16.811" errors="0">
  <testcase name="CheckLengthShouldNotMoreThan50ForDeviceName" time="2.668" classname="com.JSW.DeviceMaster.Length"/>
  <testcase name="loginPageOpen" time="8.818" classname="com.JSW.DeviceMaster.Length"/>
  <testcase name="DeviceMaster" time="5.325" classname="com.JSW.DeviceMaster.Length"/>
</testsuite> <!-- com.JSW.DeviceMaster.Length -->
