<?xml version="1.0" encoding="UTF-8"?>
<!-- Generated by org.testng.reporters.JUnitReportReporter -->
<testsuite hostname="CSMBHUD055" name="com.JSW.DispatchModeMaster.Length" tests="4" failures="0" timestamp="29 Oct 2021 12:26:20 GMT" time="20.444" errors="0">
  <testcase name="CheckLengthShouldNotMoreThan200ForDispatchmodeDescription" time="4.371" classname="com.JSW.DispatchModeMaster.Length"/>
  <testcase name="loginPageOpen" time="8.970" classname="com.JSW.DispatchModeMaster.Length"/>
  <testcase name="DispatchModeMaster" time="4.369" classname="com.JSW.DispatchModeMaster.Length"/>
  <testcase name="CheckLengthShouldNotMoreThan50ForDispatchModeName" time="2.734" classname="com.JSW.DispatchModeMaster.Length"/>
</testsuite> <!-- com.JSW.DispatchModeMaster.Length -->
