<?xml version="1.0" encoding="UTF-8"?>
<!-- Generated by org.testng.reporters.JUnitReportReporter -->
<testsuite hostname="CSMBHUD055" name="com.JSW.ModuleMaster.Duplicate" tests="3" failures="0" timestamp="29 Oct 2021 12:14:15 GMT" time="29.316" errors="0">
  <testcase name="CheckDuplicateNotAllowForModuleName" time="16.332" classname="com.JSW.ModuleMaster.Duplicate"/>
  <testcase name="ModuleMaster" time="4.461" classname="com.JSW.ModuleMaster.Duplicate"/>
  <testcase name="loginPageOpen" time="8.523" classname="com.JSW.ModuleMaster.Duplicate"/>
</testsuite> <!-- com.JSW.ModuleMaster.Duplicate -->
