<?xml version="1.0" encoding="UTF-8"?>
<!-- Generated by org.testng.reporters.JUnitReportReporter -->
<testsuite hostname="CSMBHUD055" name="com.JSW.CompositionMaster.Mandatory" tests="4" failures="0" timestamp="29 Oct 2021 11:39:07 GMT" time="20.183" errors="0">
  <testcase name="CheckMandatoryForCompositionName" time="3.135" classname="com.JSW.CompositionMaster.Mandatory"/>
  <testcase name="loginPageOpen" time="8.780" classname="com.JSW.CompositionMaster.Mandatory"/>
  <testcase name="CompositionMaster" time="4.359" classname="com.JSW.CompositionMaster.Mandatory"/>
  <testcase name="CheckNonMandatoryForChemicalContains" time="3.909" classname="com.JSW.CompositionMaster.Mandatory"/>
</testsuite> <!-- com.JSW.CompositionMaster.Mandatory -->
