<?xml version="1.0" encoding="UTF-8"?>
<!-- Generated by org.testng.reporters.JUnitReportReporter -->
<testsuite hostname="CSMBHUD055" name="com.JSW.CompositionMaster.WhiteSpace" tests="6" failures="0" timestamp="29 Oct 2021 11:39:07 GMT" time="33.239" errors="0">
  <testcase name="CompositionMaster" time="4.496" classname="com.JSW.CompositionMaster.WhiteSpace"/>
  <testcase name="CheckWhiteSpaceNotAllowMiddlePlaceForChemicalContains" time="4.489" classname="com.JSW.CompositionMaster.WhiteSpace"/>
  <testcase name="loginPageOpen" time="9.458" classname="com.JSW.CompositionMaster.WhiteSpace"/>
  <testcase name="CheckWhiteSpaceNotAllowInitialPlaceForCompositionName" time="4.736" classname="com.JSW.CompositionMaster.WhiteSpace"/>
  <testcase name="CheckWhiteSpaceNotAllowMiddlePlaceForCompositionName" time="5.395" classname="com.JSW.CompositionMaster.WhiteSpace"/>
  <testcase name="CheckWhiteSpaceNotAllowInitialPlaceForChemicalContains" time="4.665" classname="com.JSW.CompositionMaster.WhiteSpace"/>
</testsuite> <!-- com.JSW.CompositionMaster.WhiteSpace -->
