<?xml version="1.0" encoding="UTF-8"?>
<!-- Generated by org.testng.reporters.JUnitReportReporter -->
<testsuite hostname="CSMBHUD055" name="com.JSW.CompositionMaster.Duplicate" tests="3" failures="0" timestamp="29 Oct 2021 11:39:07 GMT" time="34.625" errors="0">
  <testcase name="CheckDuplicateNotAllowForCompositionName" time="21.781" classname="com.JSW.CompositionMaster.Duplicate"/>
  <testcase name="CompositionMaster" time="3.938" classname="com.JSW.CompositionMaster.Duplicate"/>
  <testcase name="loginPageOpen" time="8.906" classname="com.JSW.CompositionMaster.Duplicate"/>
</testsuite> <!-- com.JSW.CompositionMaster.Duplicate -->
