<?xml version="1.0" encoding="UTF-8"?>
<!-- Generated by org.testng.reporters.JUnitReportReporter -->
<testsuite hostname="CSMBHUD055" name="com.JSW.DeviceMaster.WhiteSpace" tests="4" failures="0" timestamp="29 Oct 2021 12:38:37 GMT" time="25.432" errors="0">
  <testcase name="CheckWhiteSpaceNotAllowInitialPlaceForDeviceName" time="5.510" classname="com.JSW.DeviceMaster.WhiteSpace"/>
  <testcase name="DeviceMaster" time="6.742" classname="com.JSW.DeviceMaster.WhiteSpace"/>
  <testcase name="loginPageOpen" time="8.681" classname="com.JSW.DeviceMaster.WhiteSpace"/>
  <testcase name="CheckWhiteSpaceNotAllowMiddlePlaceForDeviceName" time="4.499" classname="com.JSW.DeviceMaster.WhiteSpace"/>
</testsuite> <!-- com.JSW.DeviceMaster.WhiteSpace -->
