<?xml version="1.0" encoding="UTF-8"?>
<!-- Generated by org.testng.reporters.JUnitReportReporter -->
<testsuite hostname="CSMBHUD055" name="com.JSW.LocationMaster.Duplicate" tests="3" failures="0" timestamp="29 Oct 2021 12:43:19 GMT" time="32.671" errors="0">
  <testcase name="LocationMaster" time="4.126" classname="com.JSW.LocationMaster.Duplicate"/>
  <testcase name="CheckDuplicateNotAllowForLocationName" time="19.391" classname="com.JSW.LocationMaster.Duplicate"/>
  <testcase name="loginPageOpen" time="9.154" classname="com.JSW.LocationMaster.Duplicate"/>
</testsuite> <!-- com.JSW.LocationMaster.Duplicate -->
