<?xml version="1.0" encoding="UTF-8"?>
<!-- Generated by org.testng.reporters.JUnitReportReporter -->
<testsuite hostname="CSMBHUD055" name="com.JSW.MineralMaster.SpecialChar" tests="4" failures="0" timestamp="29 Oct 2021 12:55:36 GMT" time="18.774" errors="0">
  <testcase name="loginPageOpen" time="9.614" classname="com.JSW.MineralMaster.SpecialChar"/>
  <testcase name="CkeckSpecialCharForMineralName" time="2.513" classname="com.JSW.MineralMaster.SpecialChar"/>
  <testcase name="MineralMaster" time="4.216" classname="com.JSW.MineralMaster.SpecialChar"/>
  <testcase name="CkeckSpecialCharForI3MSMineralCode" time="2.431" classname="com.JSW.MineralMaster.SpecialChar"/>
</testsuite> <!-- com.JSW.MineralMaster.SpecialChar -->
