<?xml version="1.0" encoding="UTF-8"?>
<!-- Generated by org.testng.reporters.JUnitReportReporter -->
<testsuite hostname="CSMBHUD055" name="com.JSW.ModuleMaster.SpecialChar" tests="4" failures="0" timestamp="29 Oct 2021 12:14:15 GMT" time="18.440" errors="0">
  <testcase name="CkeckSpecialCharForLiveStockDescription" time="2.492" classname="com.JSW.ModuleMaster.SpecialChar"/>
  <testcase name="MasterModule" time="4.366" classname="com.JSW.ModuleMaster.SpecialChar"/>
  <testcase name="loginPageOpen" time="9.039" classname="com.JSW.ModuleMaster.SpecialChar"/>
  <testcase name="CkeckSpecialCharForModuleName" time="2.543" classname="com.JSW.ModuleMaster.SpecialChar"/>
</testsuite> <!-- com.JSW.ModuleMaster.SpecialChar -->
