<?xml version="1.0" encoding="UTF-8"?>
<!-- Generated by org.testng.reporters.JUnitReportReporter -->
<testsuite hostname="CSMBHUD055" name="com.JSW.LocationMaster.Length" tests="3" failures="0" timestamp="29 Oct 2021 12:43:19 GMT" time="16.494" errors="0">
  <testcase name="loginPageOpen" time="9.319" classname="com.JSW.LocationMaster.Length"/>
  <testcase name="LocationMaster" time="4.595" classname="com.JSW.LocationMaster.Length"/>
  <testcase name="CheckLengthShouldNotMoreThan50ForLocationName" time="2.580" classname="com.JSW.LocationMaster.Length"/>
</testsuite> <!-- com.JSW.LocationMaster.Length -->
