<?xml version="1.0" encoding="UTF-8"?>
<!-- Generated by org.testng.reporters.JUnitReportReporter -->
<testsuite hostname="CSMBHUD055" name="com.JSW.LocationMaster.Mandatory" tests="3" failures="0" timestamp="29 Oct 2021 12:43:19 GMT" time="15.962" errors="0">
  <testcase name="loginPageOpen" time="8.712" classname="com.JSW.LocationMaster.Mandatory"/>
  <testcase name="CheckMandatoryForLocationName" time="3.110" classname="com.JSW.LocationMaster.Mandatory"/>
  <testcase name="LocationMaster" time="4.140" classname="com.JSW.LocationMaster.Mandatory"/>
</testsuite> <!-- com.JSW.LocationMaster.Mandatory -->
