<?xml version="1.0" encoding="UTF-8"?>
<!-- Generated by org.testng.reporters.JUnitReportReporter -->
<testsuite hostname="CSMBHUD055" name="com.JSW.MineralMaster.SqlChar" tests="4" failures="0" timestamp="29 Oct 2021 12:55:36 GMT" time="18.970" errors="0">
  <testcase name="loginPageOpen" time="8.965" classname="com.JSW.MineralMaster.SqlChar"/>
  <testcase name="MineralMaster" time="4.933" classname="com.JSW.MineralMaster.SqlChar"/>
  <testcase name="CkeckSqlCharForI3MSMineralCode" time="2.507" classname="com.JSW.MineralMaster.SqlChar"/>
  <testcase name="CkeckSqlCharForMineralName" time="2.565" classname="com.JSW.MineralMaster.SqlChar"/>
</testsuite> <!-- com.JSW.MineralMaster.SqlChar -->
