<?xml version="1.0" encoding="UTF-8"?>
<!-- Generated by org.testng.reporters.JUnitReportReporter -->
<testsuite hostname="CSMBHUD055" name="com.JSW.DeviceMaster.SpecialChar" tests="3" failures="0" timestamp="29 Oct 2021 12:38:37 GMT" time="17.994" errors="0">
  <testcase name="loginPageOpen" time="9.094" classname="com.JSW.DeviceMaster.SpecialChar"/>
  <testcase name="DeviceMaster" time="6.401" classname="com.JSW.DeviceMaster.SpecialChar"/>
  <testcase name="CkeckSpecialCharForDeviceName" time="2.499" classname="com.JSW.DeviceMaster.SpecialChar"/>
</testsuite> <!-- com.JSW.DeviceMaster.SpecialChar -->
