<?xml version="1.0" encoding="UTF-8"?>
<!-- Generated by org.testng.reporters.JUnitReportReporter -->
<testsuite hostname="CSMBHUD055" name="com.JSW.ModuleMaster.SqlChar" tests="4" failures="0" timestamp="29 Oct 2021 12:14:16 GMT" time="19.074" errors="0">
  <testcase name="loginPageOpen" time="9.840" classname="com.JSW.ModuleMaster.SqlChar"/>
  <testcase name="ModuleMaster" time="4.032" classname="com.JSW.ModuleMaster.SqlChar"/>
  <testcase name="CkeckSqlCharForModuleName" time="2.689" classname="com.JSW.ModuleMaster.SqlChar"/>
  <testcase name="CkeckSqlCharForLiveStockDescription" time="2.513" classname="com.JSW.ModuleMaster.SqlChar"/>
</testsuite> <!-- com.JSW.ModuleMaster.SqlChar -->
