<?xml version="1.0" encoding="UTF-8"?>
<!-- Generated by org.testng.reporters.JUnitReportReporter -->
<testsuite hostname="CSMBHUD055" name="com.JSW.DispatchModeMaster.Mandatory" tests="4" failures="0" timestamp="29 Oct 2021 12:26:20 GMT" time="21.485" errors="0">
  <testcase name="CheckMandatoryForDispatchModeName" time="3.121" classname="com.JSW.DispatchModeMaster.Mandatory"/>
  <testcase name="loginPageOpen" time="8.558" classname="com.JSW.DispatchModeMaster.Mandatory"/>
  <testcase name="DispatchModeMaster" time="5.995" classname="com.JSW.DispatchModeMaster.Mandatory"/>
  <testcase name="CheckNonMandatoryForDispatchmodeDescription" time="3.811" classname="com.JSW.DispatchModeMaster.Mandatory"/>
</testsuite> <!-- com.JSW.DispatchModeMaster.Mandatory -->
