<?xml version="1.0" encoding="UTF-8"?>
<!-- Generated by org.testng.reporters.JUnitReportReporter -->
<testsuite hostname="CSMBHUD055" name="com.JSW.CompositionMaster.SpecialChar" tests="4" failures="0" timestamp="29 Oct 2021 11:39:07 GMT" time="18.338" errors="0">
  <testcase name="CkeckSpecialCharForChemicalContains" time="2.461" classname="com.JSW.CompositionMaster.SpecialChar"/>
  <testcase name="loginPageOpen" time="8.648" classname="com.JSW.CompositionMaster.SpecialChar"/>
  <testcase name="CompositionMaster" time="4.734" classname="com.JSW.CompositionMaster.SpecialChar"/>
  <testcase name="CkeckSpecialCharForCompositionName" time="2.495" classname="com.JSW.CompositionMaster.SpecialChar"/>
</testsuite> <!-- com.JSW.CompositionMaster.SpecialChar -->
