<?xml version="1.0" encoding="UTF-8"?>
<!-- Generated by org.testng.reporters.JUnitReportReporter -->
<testsuite hostname="CSMBHUD055" name="com.JSW.MinesRegistration.Mandatory" tests="7" failures="0" timestamp="29 Oct 2021 12:31:53 GMT" time="36.421" errors="0">
  <testcase name="CheckMandatoryForMinesI3MSCode" time="6.160" classname="com.JSW.MinesRegistration.Mandatory"/>
  <testcase name="loginPageOpen" time="8.814" classname="com.JSW.MinesRegistration.Mandatory"/>
  <testcase name="CheckMandatoryForMinesName" time="3.098" classname="com.JSW.MinesRegistration.Mandatory"/>
  <testcase name="CheckMandatoryForMinesAddress" time="3.788" classname="com.JSW.MinesRegistration.Mandatory"/>
  <testcase name="MinesRegistartionMaster" time="4.459" classname="com.JSW.MinesRegistration.Mandatory"/>
  <testcase name="CheckMandatoryForMinesState" time="4.658" classname="com.JSW.MinesRegistration.Mandatory"/>
  <testcase name="CheckMandatoryForMinesDistrict" time="5.444" classname="com.JSW.MinesRegistration.Mandatory"/>
</testsuite> <!-- com.JSW.MinesRegistration.Mandatory -->
