<?xml version="1.0" encoding="UTF-8"?>
<!-- Generated by org.testng.reporters.JUnitReportReporter -->
<testsuite hostname="CSMBHUD055" name="com.JSW.MinesRegistration.Alphanumeric" tests="5" failures="0" timestamp="29 Oct 2021 12:31:53 GMT" time="19.711" errors="0">
  <testcase name="CheckAlphaNumericForMinesName" time="2.480" classname="com.JSW.MinesRegistration.Alphanumeric"/>
  <testcase name="CheckAlphaNumericForMinesAddress" time="1.783" classname="com.JSW.MinesRegistration.Alphanumeric"/>
  <testcase name="loginPageOpen" time="9.088" classname="com.JSW.MinesRegistration.Alphanumeric"/>
  <testcase name="CheckAlphaNumericForMinesI3MSCode" time="1.811" classname="com.JSW.MinesRegistration.Alphanumeric"/>
  <testcase name="MinesRegistartionMaster" time="4.549" classname="com.JSW.MinesRegistration.Alphanumeric"/>
</testsuite> <!-- com.JSW.MinesRegistration.Alphanumeric -->
