<?xml version="1.0" encoding="UTF-8"?>
<!-- Generated by org.testng.reporters.JUnitReportReporter -->
<testsuite hostname="CSMBHUD055" name="com.JSW.DispatchModeMaster.Alphanumeric" tests="4" failures="0" timestamp="29 Oct 2021 12:26:20 GMT" time="17.541" errors="0">
  <testcase name="loginPageOpen" time="8.806" classname="com.JSW.DispatchModeMaster.Alphanumeric"/>
  <testcase name="CheckAlphaNumericForDispatchmodeDescription" time="1.767" classname="com.JSW.DispatchModeMaster.Alphanumeric"/>
  <testcase name="CheckAlphaNumericForDispatchmodeName" time="2.490" classname="com.JSW.DispatchModeMaster.Alphanumeric"/>
  <testcase name="DispatchModeMaster" time="4.478" classname="com.JSW.DispatchModeMaster.Alphanumeric"/>
</testsuite> <!-- com.JSW.DispatchModeMaster.Alphanumeric -->
