<?xml version="1.0" encoding="UTF-8"?>
<!-- Generated by org.testng.reporters.JUnitReportReporter -->
<testsuite hostname="CSMBHUD055" name="com.JSW.MineralMaster.Duplicate" tests="3" failures="0" timestamp="29 Oct 2021 12:55:36 GMT" time="27.965" errors="0">
  <testcase name="MineralMaster" time="4.425" classname="com.JSW.MineralMaster.Duplicate"/>
  <testcase name="loginPageOpen" time="8.756" classname="com.JSW.MineralMaster.Duplicate"/>
  <testcase name="CheckDuplicateNotAllowForMineralName" time="14.784" classname="com.JSW.MineralMaster.Duplicate"/>
</testsuite> <!-- com.JSW.MineralMaster.Duplicate -->
