<?xml version="1.0" encoding="UTF-8"?>
<!-- Generated by org.testng.reporters.JUnitReportReporter -->
<testsuite hostname="CSMBHUD055" name="com.JSW.MinesRegistration.Length" tests="5" failures="0" timestamp="29 Oct 2021 12:31:53 GMT" time="24.773" errors="0">
  <testcase name="CheckLengthShouldNotMoreThan50ForMinesI3MSCode" time="4.078" classname="com.JSW.MinesRegistration.Length"/>
  <testcase name="CheckLengthShouldNotMoreThan50ForMinesName" time="2.692" classname="com.JSW.MinesRegistration.Length"/>
  <testcase name="CheckLengthShouldNotMoreThan200ForMinesAddress" time="4.313" classname="com.JSW.MinesRegistration.Length"/>
  <testcase name="loginPageOpen" time="9.220" classname="com.JSW.MinesRegistration.Length"/>
  <testcase name="MinesRegistartionMaster" time="4.470" classname="com.JSW.MinesRegistration.Length"/>
</testsuite> <!-- com.JSW.MinesRegistration.Length -->
