<?xml version="1.0" encoding="UTF-8"?>
<!-- Generated by org.testng.reporters.JUnitReportReporter -->
<testsuite hostname="CSMBHUD055" name="com.JSW.MinesRegistration.WhiteSpace" tests="8" failures="0" timestamp="29 Oct 2021 12:31:53 GMT" time="38.712" errors="0">
  <testcase name="CheckWhiteSpaceNotAllowInitialPlaceForMinesI3MSCode" time="3.786" classname="com.JSW.MinesRegistration.WhiteSpace"/>
  <testcase name="MinesRegistartionMaster" time="4.788" classname="com.JSW.MinesRegistration.WhiteSpace"/>
  <testcase name="CheckWhiteSpaceNotAllowMiddlePlaceForMinesName" time="4.477" classname="com.JSW.MinesRegistration.WhiteSpace"/>
  <testcase name="CheckWhiteSpaceNotAllowMiddlePlaceForMinesI3MSCode" time="4.522" classname="com.JSW.MinesRegistration.WhiteSpace"/>
  <testcase name="CheckWhiteSpaceNotAllowInitialPlaceForMinesAddress" time="3.824" classname="com.JSW.MinesRegistration.WhiteSpace"/>
  <testcase name="loginPageOpen" time="8.753" classname="com.JSW.MinesRegistration.WhiteSpace"/>
  <testcase name="CheckWhiteSpaceNotAllowInitialPlaceForMinesName" time="3.989" classname="com.JSW.MinesRegistration.WhiteSpace"/>
  <testcase name="CheckWhiteSpaceNotAllowMiddlePlaceForMinesAddress" time="4.573" classname="com.JSW.MinesRegistration.WhiteSpace"/>
</testsuite> <!-- com.JSW.MinesRegistration.WhiteSpace -->
